
May 25, 2022 21:47:20.940 NEW SESSION
May 25, 2022 21:47:20.940 [18340:10280:0525/214720.938:ERROR:assistance_home_client.cc(23)] File path C:\Users\Vo Quang Tuong\AppData\Local\Microsoft\Edge\User Data\Default
May 25, 2022 21:47:24.231 [18340:10280:0525/214724.231:ERROR:device_event_log_impl.cc(214)] [21:47:24.231] USB: usb_device_handle_win.cc:1049 Failed to read descriptor from node connection: A device attached to the system is not functioning. (0x1F)
May 25, 2022 21:47:24.232 [18340:10280:0525/214724.231:ERROR:device_event_log_impl.cc(214)] [21:47:24.231] USB: usb_device_handle_win.cc:1049 Failed to read descriptor from node connection: A device attached to the system is not functioning. (0x1F)
May 25, 2022 21:47:24.232 [18340:10280:0525/214724.231:ERROR:device_event_log_impl.cc(214)] [21:47:24.231] USB: usb_device_handle_win.cc:1049 Failed to read descriptor from node connection: A device attached to the system is not functioning. (0x1F)
May 25, 2022 21:47:24.236 [18340:10280:0525/214724.232:ERROR:device_event_log_impl.cc(214)] [21:47:24.231] USB: usb_device_handle_win.cc:1049 Failed to read descriptor from node connection: A device attached to the system is not functioning. (0x1F)
May 25, 2022 21:48:16.558 [20472:19992:0525/214816.558:ERROR:device_event_log_impl.cc(214)] [21:48:16.557] USB: usb_device_handle_win.cc:1048 Failed to read descriptor from node connection: A device attached to the system is not functioning. (0x1F)
May 25, 2022 21:48:16.559 [20472:19992:0525/214816.558:ERROR:device_event_log_impl.cc(214)] [21:48:16.558] USB: usb_device_handle_win.cc:1048 Failed to read descriptor from node connection: A device attached to the system is not functioning. (0x1F)
May 25, 2022 21:48:16.559 [20472:19992:0525/214816.558:ERROR:device_event_log_impl.cc(214)] [21:48:16.558] USB: usb_device_handle_win.cc:1048 Failed to read descriptor from node connection: A device attached to the system is not functioning. (0x1F)
May 25, 2022 21:48:16.559 [20472:19992:0525/214816.558:ERROR:device_event_log_impl.cc(214)] [21:48:16.558] USB: usb_device_handle_win.cc:1048 Failed to read descriptor from node connection: A device attached to the system is not functioning. (0x1F)
May 25, 2022 21:48:41.42 [11152:20064:0525/214841.042:ERROR:assistance_home_client.cc(23)] File path C:\Users\Vo Quang Tuong\AppData\Local\Microsoft\Edge\User Data\Default
May 25, 2022 21:48:43.983 [11152:20064:0525/214843.983:ERROR:device_event_log_impl.cc(214)] [21:48:43.983] USB: usb_device_handle_win.cc:1049 Failed to read descriptor from node connection: A device attached to the system is not functioning. (0x1F)
May 25, 2022 21:48:43.984 [11152:20064:0525/214843.984:ERROR:device_event_log_impl.cc(214)] [21:48:43.983] USB: usb_device_handle_win.cc:1049 Failed to read descriptor from node connection: A device attached to the system is not functioning. (0x1F)
May 25, 2022 21:48:43.984 [11152:20064:0525/214843.984:ERROR:device_event_log_impl.cc(214)] [21:48:43.983] USB: usb_device_handle_win.cc:1049 Failed to read descriptor from node connection: A device attached to the system is not functioning. (0x1F)
May 25, 2022 21:48:43.985 [11152:20064:0525/214843.984:ERROR:device_event_log_impl.cc(214)] [21:48:43.983] USB: usb_device_handle_win.cc:1049 Failed to read descriptor from node connection: A device attached to the system is not functioning. (0x1F)
May 25, 2022 21:49:41.290 [11152:16516:0525/214941.290:ERROR:util.cc(132)] Can't create base directory: C:\Program Files\Microsoft\EdgeUpdater
May 25, 2022 22:46:01.60 [11152:20064:0525/224601.060:ERROR:fallback_task_provider.cc(124)] Every renderer should have at least one task provided by a primary task provider. If a "Renderer" fallback task is shown, it is a bug. If you have repro steps, please file a new bug and tag it as a dependency of crbug.com/739782.

May 27, 2022 11:12:27.672 NEW SESSION
May 27, 2022 11:12:27.672 [9736:980:0527/111227.670:ERROR:assistance_home_client.cc(23)] File path C:\Users\Vo Quang Tuong\AppData\Local\Microsoft\Edge\User Data\Default
May 27, 2022 11:12:31.05 [9736:980:0527/111231.004:ERROR:device_event_log_impl.cc(214)] [11:12:31.004] USB: usb_device_handle_win.cc:1049 Failed to read descriptor from node connection: A device attached to the system is not functioning. (0x1F)
May 27, 2022 11:12:31.05 [9736:980:0527/111231.005:ERROR:device_event_log_impl.cc(214)] [11:12:31.005] USB: usb_device_handle_win.cc:1049 Failed to read descriptor from node connection: A device attached to the system is not functioning. (0x1F)
May 27, 2022 11:12:31.06 [9736:980:0527/111231.005:ERROR:device_event_log_impl.cc(214)] [11:12:31.005] USB: usb_device_handle_win.cc:1049 Failed to read descriptor from node connection: A device attached to the system is not functioning. (0x1F)
May 27, 2022 11:12:31.06 [9736:980:0527/111231.005:ERROR:device_event_log_impl.cc(214)] [11:12:31.005] USB: usb_device_handle_win.cc:1049 Failed to read descriptor from node connection: A device attached to the system is not functioning. (0x1F)
May 27, 2022 11:13:28.00 [9736:1496:0527/111327.999:ERROR:util.cc(132)] Can't create base directory: C:\Program Files\Microsoft\EdgeUpdater
May 27, 2022 11:16:04.804 [9736:980:0527/111604.804:ERROR:fallback_task_provider.cc(124)] Every renderer should have at least one task provided by a primary task provider. If a "Renderer" fallback task is shown, it is a bug. If you have repro steps, please file a new bug and tag it as a dependency of crbug.com/739782.
May 27, 2022 11:16:06.463 [9736:980:0527/111606.463:ERROR:fallback_task_provider.cc(124)] Every renderer should have at least one task provided by a primary task provider. If a "Renderer" fallback task is shown, it is a bug. If you have repro steps, please file a new bug and tag it as a dependency of crbug.com/739782.
May 27, 2022 11:17:26.26 [9736:980:0527/111726.026:ERROR:fallback_task_provider.cc(124)] Every renderer should have at least one task provided by a primary task provider. If a "Renderer" fallback task is shown, it is a bug. If you have repro steps, please file a new bug and tag it as a dependency of crbug.com/739782.
May 27, 2022 11:19:30.252 [17084:22988:0527/111930.252:ERROR:assistance_home_client.cc(23)] File path C:\Users\Vo Quang Tuong\AppData\Local\Microsoft\Edge\User Data\Default
May 27, 2022 11:19:33.595 [17084:22988:0527/111933.595:ERROR:device_event_log_impl.cc(214)] [11:19:33.594] USB: usb_device_handle_win.cc:1049 Failed to read descriptor from node connection: A device attached to the system is not functioning. (0x1F)
May 27, 2022 11:19:33.595 [17084:22988:0527/111933.595:ERROR:device_event_log_impl.cc(214)] [11:19:33.595] USB: usb_device_handle_win.cc:1049 Failed to read descriptor from node connection: A device attached to the system is not functioning. (0x1F)
May 27, 2022 11:19:33.596 [17084:22988:0527/111933.595:ERROR:device_event_log_impl.cc(214)] [11:19:33.595] USB: usb_device_handle_win.cc:1049 Failed to read descriptor from node connection: A device attached to the system is not functioning. (0x1F)
May 27, 2022 11:19:33.596 [17084:22988:0527/111933.595:ERROR:device_event_log_impl.cc(214)] [11:19:33.595] USB: usb_device_handle_win.cc:1049 Failed to read descriptor from node connection: A device attached to the system is not functioning. (0x1F)
May 27, 2022 11:19:36.723 [17084:22988:0527/111936.722:ERROR:processor_entity.cc(171)] Metadata has an exisiting server id that will be overwritten with the current update entity id.metadata server_id: 211522ee-ead8-4bab-ae9e-70b75cce4452 update.entity.id: 211522ee-ead8-4bab-ae9e-70b75cce4452
May 27, 2022 11:19:36.723 [17084:22988:0527/111936.722:ERROR:processor_entity.cc(171)] Metadata has an exisiting server id that will be overwritten with the current update entity id.metadata server_id: 88485b5d-d46a-4566-9c77-9b8aad5ab7ce update.entity.id: 88485b5d-d46a-4566-9c77-9b8aad5ab7ce
May 27, 2022 11:19:36.723 [17084:22988:0527/111936.722:ERROR:processor_entity.cc(171)] Metadata has an exisiting server id that will be overwritten with the current update entity id.metadata server_id: df5daf65-c6de-4cc0-9fa8-f367839f2dd4 update.entity.id: df5daf65-c6de-4cc0-9fa8-f367839f2dd4
May 27, 2022 11:19:36.724 [17084:22988:0527/111936.722:ERROR:processor_entity.cc(171)] Metadata has an exisiting server id that will be overwritten with the current update entity id.metadata server_id: 84e76f89-3d55-49a9-b304-298c054513c9 update.entity.id: 84e76f89-3d55-49a9-b304-298c054513c9
May 27, 2022 11:19:36.724 [17084:22988:0527/111936.723:ERROR:processor_entity.cc(171)] Metadata has an exisiting server id that will be overwritten with the current update entity id.metadata server_id: e6b13cfd-6f90-4949-9089-28546b7e6471 update.entity.id: e6b13cfd-6f90-4949-9089-28546b7e6471
May 27, 2022 11:19:51.84 [17084:22988:0527/111951.084:ERROR:fallback_task_provider.cc(124)] Every renderer should have at least one task provided by a primary task provider. If a "Renderer" fallback task is shown, it is a bug. If you have repro steps, please file a new bug and tag it as a dependency of crbug.com/739782.
May 27, 2022 11:20:30.529 [17084:21912:0527/112030.528:ERROR:util.cc(132)] Can't create base directory: C:\Program Files\Microsoft\EdgeUpdater
May 27, 2022 11:21:16.472 [17084:22988:0527/112116.472:ERROR:interface_endpoint_client.cc(665)] Message 2 rejected by interface blink.mojom.WidgetHost
May 27, 2022 11:21:16.472 [17084:22988:0527/112116.472:ERROR:interface_endpoint_client.cc(665)] Message 2 rejected by interface blink.mojom.WidgetHost
May 27, 2022 11:21:18.439 [17084:22988:0527/112118.439:ERROR:fallback_task_provider.cc(124)] Every renderer should have at least one task provided by a primary task provider. If a "Renderer" fallback task is shown, it is a bug. If you have repro steps, please file a new bug and tag it as a dependency of crbug.com/739782.
May 27, 2022 11:22:10.629 [17084:22988:0527/112210.629:ERROR:fallback_task_provider.cc(124)] Every renderer should have at least one task provided by a primary task provider. If a "Renderer" fallback task is shown, it is a bug. If you have repro steps, please file a new bug and tag it as a dependency of crbug.com/739782.

May 27, 2022 20:48:51.806 NEW SESSION
May 27, 2022 20:48:51.806 [13784:20352:0527/204851.805:ERROR:assistance_home_client.cc(23)] File path C:\Users\Vo Quang Tuong\AppData\Local\Microsoft\Edge\User Data\Default
May 27, 2022 20:48:55.619 [13784:20352:0527/204855.619:ERROR:device_event_log_impl.cc(214)] [20:48:55.619] USB: usb_device_handle_win.cc:1049 Failed to read descriptor from node connection: A device attached to the system is not functioning. (0x1F)
May 27, 2022 20:48:55.620 [13784:20352:0527/204855.619:ERROR:device_event_log_impl.cc(214)] [20:48:55.619] USB: usb_device_handle_win.cc:1049 Failed to read descriptor from node connection: A device attached to the system is not functioning. (0x1F)
May 27, 2022 20:48:55.620 [13784:20352:0527/204855.620:ERROR:device_event_log_impl.cc(214)] [20:48:55.620] USB: usb_device_handle_win.cc:1049 Failed to read descriptor from node connection: A device attached to the system is not functioning. (0x1F)
May 27, 2022 20:48:55.621 [13784:20352:0527/204855.620:ERROR:device_event_log_impl.cc(214)] [20:48:55.620] USB: usb_device_handle_win.cc:1049 Failed to read descriptor from node connection: A device attached to the system is not functioning. (0x1F)
May 27, 2022 20:49:00.586 [13784:20352:0527/204900.586:ERROR:processor_entity.cc(171)] Metadata has an exisiting server id that will be overwritten with the current update entity id.metadata server_id:  update.entity.id: 1a97c149-a645-43c0-93c3-c065352b3f26
May 27, 2022 20:49:52.129 [13784:19968:0527/204952.129:ERROR:util.cc(132)] Can't create base directory: C:\Program Files\Microsoft\EdgeUpdater

May 27, 2022 20:51:40.388 NEW SESSION
May 27, 2022 20:51:40.388 [15844:10348:0527/205140.383:ERROR:device_event_log_impl.cc(214)] [20:51:40.382] USB: usb_device_handle_win.cc:1048 Failed to read descriptor from node connection: A device attached to the system is not functioning. (0x1F)
May 27, 2022 20:51:40.390 [15844:10348:0527/205140.385:ERROR:device_event_log_impl.cc(214)] [20:51:40.384] USB: usb_device_handle_win.cc:1048 Failed to read descriptor from node connection: A device attached to the system is not functioning. (0x1F)
May 27, 2022 20:51:40.391 [15844:10348:0527/205140.388:ERROR:device_event_log_impl.cc(214)] [20:51:40.387] USB: usb_device_handle_win.cc:1048 Failed to read descriptor from node connection: A device attached to the system is not functioning. (0x1F)
May 27, 2022 20:51:40.391 [15844:10348:0527/205140.390:ERROR:device_event_log_impl.cc(214)] [20:51:40.390] USB: usb_device_handle_win.cc:1048 Failed to read descriptor from node connection: A device attached to the system is not functioning. (0x1F)
May 27, 2022 20:52:29.768 [15844:9032:0527/205229.768:ERROR:connection_factory_impl.cc(425)] Failed to connect to MCS endpoint with error -106
May 27, 2022 20:52:38.56 [15844:1172:0527/205238.056:ERROR:util.cc(127)] Can't create base directory: C:\Program Files\Google\GoogleUpdater
May 27, 2022 20:52:52.466 [15844:9032:0527/205252.466:ERROR:connection_factory_impl.cc(425)] Failed to connect to MCS endpoint with error -106
May 27, 2022 20:53:29.813 [9408:9488:0527/205329.813:ERROR:assistance_home_client.cc(23)] File path C:\Users\Vo Quang Tuong\AppData\Local\Microsoft\Edge\User Data\Default
May 27, 2022 20:53:32.301 [9408:9488:0527/205332.300:ERROR:device_event_log_impl.cc(214)] [20:53:32.300] USB: usb_device_handle_win.cc:1049 Failed to read descriptor from node connection: A device attached to the system is not functioning. (0x1F)
May 27, 2022 20:53:32.301 [9408:9488:0527/205332.301:ERROR:device_event_log_impl.cc(214)] [20:53:32.300] USB: usb_device_handle_win.cc:1049 Failed to read descriptor from node connection: A device attached to the system is not functioning. (0x1F)
May 27, 2022 20:53:32.301 [9408:9488:0527/205332.301:ERROR:device_event_log_impl.cc(214)] [20:53:32.300] USB: usb_device_handle_win.cc:1049 Failed to read descriptor from node connection: A device attached to the system is not functioning. (0x1F)
May 27, 2022 20:53:32.302 [9408:9488:0527/205332.301:ERROR:device_event_log_impl.cc(214)] [20:53:32.300] USB: usb_device_handle_win.cc:1049 Failed to read descriptor from node connection: A device attached to the system is not functioning. (0x1F)
May 27, 2022 20:54:30.99 [9408:14040:0527/205430.099:ERROR:util.cc(132)] Can't create base directory: C:\Program Files\Microsoft\EdgeUpdater
May 27, 2022 20:55:03.87 [9408:9488:0527/205503.087:ERROR:processor_entity.cc(171)] Metadata has an exisiting server id that will be overwritten with the current update entity id.metadata server_id: 8572bd42-151c-4264-87db-44ce1503426f update.entity.id: 8572bd42-151c-4264-87db-44ce1503426f
May 27, 2022 20:56:24.358 [15844:18384:0527/205624.358:ERROR:get_updates_processor.cc(260)] PostClientToServerMessage() failed during GetUpdates with error 15
May 27, 2022 21:06:14.492 [9408:9488:0527/210614.492:ERROR:fallback_task_provider.cc(124)] Every renderer should have at least one task provided by a primary task provider. If a "Renderer" fallback task is shown, it is a bug. If you have repro steps, please file a new bug and tag it as a dependency of crbug.com/739782.
May 27, 2022 21:10:04.305 [15844:10348:0527/211004.305:ERROR:interface_endpoint_client.cc(665)] Message 1 rejected by interface blink.mojom.WidgetHost
May 27, 2022 21:50:44.11 [15844:10348:0527/215044.011:ERROR:device_event_log_impl.cc(214)] [21:50:44.011] USB: usb_service_win.cc:104 SetupDiGetDeviceProperty({{A45C254E-DF1C-4EFD-8020-67D146A850E0}, 6}) failed: Element not found. (0x490)
May 27, 2022 21:50:44.12 [9408:9488:0527/215044.011:ERROR:device_event_log_impl.cc(214)] [21:50:44.011] USB: usb_service_win.cc:104 SetupDiGetDeviceProperty({{A45C254E-DF1C-4EFD-8020-67D146A850E0}, 6}) failed: Element not found. (0x490)
May 27, 2022 22:36:01.896 [9408:9488:0527/223601.896:ERROR:device_event_log_impl.cc(214)] [22:36:01.895] USB: usb_service_win.cc:104 SetupDiGetDeviceProperty({{A45C254E-DF1C-4EFD-8020-67D146A850E0}, 6}) failed: Element not found. (0x490)
May 27, 2022 22:36:01.897 [15844:10348:0527/223601.896:ERROR:device_event_log_impl.cc(214)] [22:36:01.895] USB: usb_service_win.cc:104 SetupDiGetDeviceProperty({{A45C254E-DF1C-4EFD-8020-67D146A850E0}, 6}) failed: Element not found. (0x490)
May 27, 2022 23:08:23.129 [15844:10348:0527/230823.128:ERROR:device_event_log_impl.cc(214)] [23:08:23.126] USB: usb_service_win.cc:104 SetupDiGetDeviceProperty({{A45C254E-DF1C-4EFD-8020-67D146A850E0}, 6}) failed: Element not found. (0x490)
May 27, 2022 23:08:23.130 [9408:9488:0527/230823.130:ERROR:device_event_log_impl.cc(214)] [23:08:23.126] USB: usb_service_win.cc:104 SetupDiGetDeviceProperty({{A45C254E-DF1C-4EFD-8020-67D146A850E0}, 6}) failed: Element not found. (0x490)
May 27, 2022 23:08:23.144 [15844:10348:0527/230823.143:ERROR:device_event_log_impl.cc(214)] [23:08:23.142] USB: usb_service_win.cc:307 SetupDiEnumDeviceInterfaces: No more data is available. (0x103)
May 27, 2022 23:08:23.146 [9408:9488:0527/230823.146:ERROR:device_event_log_impl.cc(214)] [23:08:23.146] USB: usb_service_win.cc:307 SetupDiEnumDeviceInterfaces: No more data is available. (0x103)

May 27, 2022 23:11:42.289 NEW SESSION
May 27, 2022 23:11:42.289 [11856:10084:0527/231142.284:ERROR:get_updates_processor.cc(260)] PostClientToServerMessage() failed during GetUpdates with error 15
May 27, 2022 23:11:42.554 [11856:14964:0527/231142.554:ERROR:device_event_log_impl.cc(214)] [23:11:42.553] USB: usb_device_handle_win.cc:1048 Failed to read descriptor from node connection: A device attached to the system is not functioning. (0x1F)
May 27, 2022 23:11:42.555 [11856:14964:0527/231142.555:ERROR:device_event_log_impl.cc(214)] [23:11:42.554] USB: usb_device_handle_win.cc:1048 Failed to read descriptor from node connection: A device attached to the system is not functioning. (0x1F)
May 27, 2022 23:11:42.556 [11856:14964:0527/231142.555:ERROR:device_event_log_impl.cc(214)] [23:11:42.554] USB: usb_device_handle_win.cc:1048 Failed to read descriptor from node connection: A device attached to the system is not functioning. (0x1F)
May 27, 2022 23:11:42.556 [11856:14964:0527/231142.555:ERROR:device_event_log_impl.cc(214)] [23:11:42.554] USB: usb_device_handle_win.cc:1048 Failed to read descriptor from node connection: A device attached to the system is not functioning. (0x1F)
May 27, 2022 23:12:39.918 [11856:11460:0527/231239.918:ERROR:util.cc(127)] Can't create base directory: C:\Program Files\Google\GoogleUpdater
May 27, 2022 23:45:50.217 [11856:14964:0527/234550.216:ERROR:interface_endpoint_client.cc(665)] Message 1 rejected by interface blink.mojom.WidgetHost
May 27, 2022 23:48:58.393 [11856:14964:0527/234858.393:ERROR:interface_endpoint_client.cc(665)] Message 0 rejected by interface blink.mojom.WidgetHost
May 28, 2022 24:08:06.170 [11856:14964:0528/000806.170:ERROR:interface_endpoint_client.cc(665)] Message 0 rejected by interface blink.mojom.WidgetHost
May 28, 2022 24:22:00.617 [11856:14964:0528/002200.616:ERROR:interface_endpoint_client.cc(665)] Message 0 rejected by interface blink.mojom.WidgetHost
May 28, 2022 01:19:16.217 [11856:14964:0528/011916.217:ERROR:interface_endpoint_client.cc(665)] Message 1 rejected by interface blink.mojom.WidgetHost
May 28, 2022 01:19:16.218 [11856:14964:0528/011916.217:ERROR:interface_endpoint_client.cc(665)] Message 1 rejected by interface blink.mojom.WidgetHost

May 28, 2022 07:56:47.689 NEW SESSION
May 28, 2022 07:56:47.689 [13540:3508:0528/075647.688:ERROR:get_updates_processor.cc(260)] PostClientToServerMessage() failed during GetUpdates with error 15
May 28, 2022 07:56:48.146 [13540:11688:0528/075648.146:ERROR:device_event_log_impl.cc(214)] [07:56:48.146] USB: usb_device_handle_win.cc:1048 Failed to read descriptor from node connection: A device attached to the system is not functioning. (0x1F)
May 28, 2022 07:56:48.147 [13540:11688:0528/075648.147:ERROR:device_event_log_impl.cc(214)] [07:56:48.146] USB: usb_device_handle_win.cc:1048 Failed to read descriptor from node connection: A device attached to the system is not functioning. (0x1F)
May 28, 2022 07:56:48.147 [13540:11688:0528/075648.147:ERROR:device_event_log_impl.cc(214)] [07:56:48.146] USB: usb_device_handle_win.cc:1048 Failed to read descriptor from node connection: A device attached to the system is not functioning. (0x1F)
May 28, 2022 07:56:48.148 [13540:11688:0528/075648.147:ERROR:device_event_log_impl.cc(214)] [07:56:48.146] USB: usb_device_handle_win.cc:1048 Failed to read descriptor from node connection: A device attached to the system is not functioning. (0x1F)
May 28, 2022 07:57:44.965 [13540:14180:0528/075744.964:ERROR:util.cc(127)] Can't create base directory: C:\Program Files\Google\GoogleUpdater
May 28, 2022 09:32:57.733 [6520:12256:0528/093257.733:ERROR:device_event_log_impl.cc(214)] [09:32:57.733] USB: usb_device_handle_win.cc:1048 Failed to read descriptor from node connection: A device attached to the system is not functioning. (0x1F)
May 28, 2022 09:32:57.735 [6520:12256:0528/093257.735:ERROR:device_event_log_impl.cc(214)] [09:32:57.735] USB: usb_device_handle_win.cc:1048 Failed to read descriptor from node connection: A device attached to the system is not functioning. (0x1F)
May 28, 2022 09:32:57.736 [6520:12256:0528/093257.735:ERROR:device_event_log_impl.cc(214)] [09:32:57.735] USB: usb_device_handle_win.cc:1048 Failed to read descriptor from node connection: A device attached to the system is not functioning. (0x1F)
May 28, 2022 09:32:57.736 [6520:12256:0528/093257.736:ERROR:device_event_log_impl.cc(214)] [09:32:57.736] USB: usb_device_handle_win.cc:1048 Failed to read descriptor from node connection: A device attached to the system is not functioning. (0x1F)
May 28, 2022 09:33:55.298 [6520:2800:0528/093355.298:ERROR:util.cc(127)] Can't create base directory: C:\Program Files\Google\GoogleUpdater
May 28, 2022 09:54:24.113 [6520:12256:0528/095424.113:ERROR:interface_endpoint_client.cc(665)] Message 0 rejected by interface blink.mojom.WidgetHost
May 28, 2022 11:24:21.185 [6520:12256:0528/112421.185:ERROR:device_event_log_impl.cc(214)] [11:24:21.124] USB: usb_service_win.cc:104 SetupDiGetDeviceProperty({{A45C254E-DF1C-4EFD-8020-67D146A850E0}, 6}) failed: Element not found. (0x490)

May 28, 2022 13:32:30.341 NEW SESSION
May 28, 2022 13:32:30.341 [10724:15444:0528/133230.339:ERROR:device_event_log_impl.cc(214)] [13:32:30.340] USB: usb_device_handle_win.cc:1048 Failed to read descriptor from node connection: A device attached to the system is not functioning. (0x1F)
May 28, 2022 13:32:30.342 [10724:15444:0528/133230.340:ERROR:device_event_log_impl.cc(214)] [13:32:30.340] USB: usb_device_handle_win.cc:1048 Failed to read descriptor from node connection: A device attached to the system is not functioning. (0x1F)
May 28, 2022 13:32:30.342 [10724:15444:0528/133230.340:ERROR:device_event_log_impl.cc(214)] [13:32:30.340] USB: usb_device_handle_win.cc:1048 Failed to read descriptor from node connection: A device attached to the system is not functioning. (0x1F)
May 28, 2022 13:33:27.938 [10724:2120:0528/133327.938:ERROR:util.cc(127)] Can't create base directory: C:\Program Files\Google\GoogleUpdater
